Watching for file changes with StatReloader
Performing system checks...

System check identified some issues:

WARNINGS:
todos.Todo: (models.W042) Auto-created primary key used when not defining a primary key type, by default 'django.db.models.AutoField'.
	HINT: Configure the DEFAULT_AUTO_FIELD setting or the TodosConfig.default_auto_field attribute to point to a subclass of AutoField, e.g. 'django.db.models.BigAutoField'.

System check identified 1 issue (0 silenced).
September 18, 2022 - 15:26:20
Django version 4.1.1, using settings 'todoApp.settings'
Starting development server at http://0.0.0.0:8000/
Quit the server with CONTROL-C.
[18/Sep/2022 15:26:39] "GET /todos/ HTTP/1.1" 200 4670
[18/Sep/2022 15:26:39] "GET /static/css/style.css HTTP/1.1" 304 0
[18/Sep/2022 15:26:44] "POST /todos/add/ HTTP/1.1" 302 0
[18/Sep/2022 15:26:44] "GET /todos/ HTTP/1.1" 200 5246
[18/Sep/2022 15:27:03] "POST /todos/add/ HTTP/1.1" 302 0
[18/Sep/2022 15:27:03] "GET /todos/ HTTP/1.1" 200 5823
[18/Sep/2022 15:27:06] "POST /todos/add/ HTTP/1.1" 302 0
[18/Sep/2022 15:27:06] "GET /todos/ HTTP/1.1" 200 6401
Watching for file changes with StatReloader
Performing system checks...

System check identified some issues:

WARNINGS:
todos.Todo: (models.W042) Auto-created primary key used when not defining a primary key type, by default 'django.db.models.AutoField'.
	HINT: Configure the DEFAULT_AUTO_FIELD setting or the TodosConfig.default_auto_field attribute to point to a subclass of AutoField, e.g. 'django.db.models.BigAutoField'.

System check identified 1 issue (0 silenced).
September 18, 2022 - 15:29:35
Django version 4.1.1, using settings 'todoApp.settings'
Starting development server at http://0.0.0.0:8000/
Quit the server with CONTROL-C.
[18/Sep/2022 15:29:37] "GET /todos/ HTTP/1.1" 200 6401
Watching for file changes with StatReloader
Performing system checks...

System check identified some issues:

WARNINGS:
todos.Todo: (models.W042) Auto-created primary key used when not defining a primary key type, by default 'django.db.models.AutoField'.
	HINT: Configure the DEFAULT_AUTO_FIELD setting or the TodosConfig.default_auto_field attribute to point to a subclass of AutoField, e.g. 'django.db.models.BigAutoField'.

System check identified 1 issue (0 silenced).
September 18, 2022 - 15:30:17
Django version 4.1.1, using settings 'todoApp.settings'
Starting development server at http://0.0.0.0:8000/
Quit the server with CONTROL-C.
[18/Sep/2022 15:30:26] "GET /todos/ HTTP/1.1" 200 6401
